Branch indexing
[Fri May 17 00:59:29 UTC 2024] Starting branch indexing...
[8mha:////4IfX9SBv2apQa3vw8dUsHPOTfBC4m0hHY5dBEO0dNGJMAAAAhB+LCAAAAAAAAP9b85aBtbiIwSa/KF0vKzUvOzOvODlTryCnNB3I0kvPLMkoTYpPKkrMS86IL84vLUpO1XPPLPEoTXLOzyvOz0n1yy9JZYAARiYGRi8GzpLM3NTiksTcgooiBqmM0pTi/Dy9ZIhiPayaGCoKgHR/C//KUABGwD4fjgAAAA==[0mConnecting to https://api.github.com using Alexu33/****** (alex github token)
Examining [8mha:////4HaGEkduVcttKxGSJPZpgjklXAPpeW+ILu485NT7UPD3AAAAtB+LCAAAAAAAAP9b85aBtbiIQSajNKU4P08vOT+vOD8nVc+jsiC1KCczL9svvyTVzHb1RttJBUeZGJg8GdhyUvPSSzJ8GJhLi3JKGIR8shLLEvVzEvPS9YNLijLz0q0rihik0IxzhtAgwxgggJGJgaGiAMhQKmEwzSgpKSi20tdPzyzJKE0C6srVdwZanpmcqBtQlJ9SmlySmZ+nG1xSmpKZX6wfnFpUlpmcCgDkgoR9ugAAAA==[0mClinica-Production-Studios/Service

  Checking branches...

  Getting remote branches...

    Checking branch [8mha:////4JOJ+G/QBodP4BtT2QnDc2slKRvR58AUJkQ90TRhqakpAAAAuh+LCAAAAAAAAP9djb0NwjAUhB/hZwBKxAqJOwpQRJEGpAghZQLjWLHBsa3n5yiswRrQMATjsANBdFxz13zfPd4wDQhLFevgbCacDc7IbHf1Eo22l4Mjucrvz/zmXwkke5gZaRtSJYwjGoJ5eeYdZ4bbhlWE2jabHmHxpyt+/ZXBL6MEoPfDmBBsFZEPa8YaTSqeBqplxXCuBU+P6OooSDubVhRr7QKrJHZaSEYoJWu5th/ceg05xAAAAA==[0mmain

  Getting remote pull requests...
      ‘infrastructure/Jenkinsfile’ found
    Met criteria
No changes detected: main (still at 0be972ebca1904d2c7779b95b8dfcc9957465ad9)

    Checking branch [8mha:////4NsErfx5qG46fBGKfM0EkC5XWJzWwkcmpbdVueR5C2aPAAAAvh+LCAAAAAAAAP9djTEKwkAQRceIFpaW4hXidBZKqiAYERFygpgMmzXrbNidFb2G19DGQ3gc72DEzt/837z3H28YeAfTOlTe8qy07K2h2frakjOam50Vmif3Z3JrXxFEGQwNsZJ6C/3gjMB4eyzOBZqCFebiNKvlxcHkT5f++iuDX3oRwKXtxkhgVYu0foGotNTh0FEnTLtzXRbx3tkqlKItx7mESluPObmzLgnFEWGa4Ya40ew/uJPGK8oAAAA=[0mCI/Jenkins
      ‘infrastructure/Jenkinsfile’ found
    Met criteria
No changes detected: CI/Jenkins (still at 5afa6c7234ef11091c3ca3f96bcc41f586e5b72e)

  2 branches were processed

  Checking pull-requests...

  0 pull requests were processed

Finished examining Clinica-Production-Studios/Service

[Fri May 17 00:59:31 UTC 2024] Finished branch indexing. Indexing took 1.7 sec
Finished: SUCCESS
