Started by user [8mha:////4O2qz3eT3xEH6+WqYulssEO1c+zly3SIcIwd9MVDkfrHAAAAlx+LCAAAAAAAAP9b85aBtbiIQTGjNKU4P08vOT+vOD8nVc83PyU1x6OyILUoJzMv2y+/JJUBAhiZGBgqihhk0NSjKDWzXb3RdlLBUSYGJk8GtpzUvPSSDB8G5tKinBIGIZ+sxLJE/ZzEvHT94JKizLx0a6BxUmjGOUNodHsLgAzWEgZu/dLi1CL9xJTczDwAj6GcLcAAAAA=[0madmin
[Fri May 17 01:03:34 UTC 2024] Starting organization scan...
[Fri May 17 01:03:34 UTC 2024] Updating actions...
Looking up details of Clinica-Production-Studios...
Organization URL: [8mha:////4GAp10+fG63iVA5oNymGcZTKx/bGnzuL75CmTOaQYTEyAAAArB+LCAAAAAAAAP9b85aBtbiIQSajNKU4P08vOT+vOD8nVc+jsiC1KCczL9svvyTVzHb1RttJBUeZGJg8GdhyUvPSSzJ8GJhLi3JKGIR8shLLEvVzEvPS9YNLijLz0q0rihik0IxzhtAgwxgggJGJgaGiAMiQKmHQzSgpKSi20tdPzyzJKE0C6srVdwZanpmcqBtQlJ9SmlySmZ+nG1xSmpKZXwwAF8EzWbIAAAA=[0mClinica Production Studios
[Fri May 17 01:03:34 UTC 2024] Consulting GitHub Organization
[8mha:////4Hcxd9W978pu+kX0rpIgEL0FUWRbJLMT/J/BTT8WYjlhAAAAhB+LCAAAAAAAAP9b85aBtbiIwSa/KF0vKzUvOzOvODlTryCnNB3I0kvPLMkoTYpPKkrMS86IL84vLUpO1XPPLPEoTXLOzyvOz0n1yy9JZYAARiYGRi8GzpLM3NTiksTcgooiBqmM0pTi/Dy9ZIhiPayaGCoKgHR/i3ByFQDPmMaQjgAAAA==[0mConnecting to https://api.github.com using Alexu33/****** (alex github token)
[8mha:////4Dm3fff+2wBSmeCh//TFOBcLXuug2NUKTyIE9DjZgIFHAAAAhB+LCAAAAAAAAP9b85aBtbiIwSa/KF0vKzUvOzOvODlTryCnNB3I0kvPLMkoTYpPKkrMS86IL84vLUpO1XPPLPEoTXLOzyvOz0n1yy9JZYAARiYGRi8GzpLM3NTiksTcgooiBqmM0pTi/Dy9ZIhiPayaGCoKgHR/i3CKAABOhuByjgAAAA==[0mLooking up repositories of organization Clinica-Production-Studios
Proposing Service
Examining [8mha:////4HaGEkduVcttKxGSJPZpgjklXAPpeW+ILu485NT7UPD3AAAAtB+LCAAAAAAAAP9b85aBtbiIQSajNKU4P08vOT+vOD8nVc+jsiC1KCczL9svvyTVzHb1RttJBUeZGJg8GdhyUvPSSzJ8GJhLi3JKGIR8shLLEvVzEvPS9YNLijLz0q0rihik0IxzhtAgwxgggJGJgaGiAMhQKmEwzSgpKSi20tdPzyzJKE0C6srVdwZanpmcqBtQlJ9SmlySmZ+nG1xSmpKZX6wfnFpUlpmcCgDkgoR9ugAAAA==[0mClinica-Production-Studios/Service

  Checking branches...

  Getting remote branches...

    Checking branch [8mha:////4JOJ+G/QBodP4BtT2QnDc2slKRvR58AUJkQ90TRhqakpAAAAuh+LCAAAAAAAAP9djb0NwjAUhB/hZwBKxAqJOwpQRJEGpAghZQLjWLHBsa3n5yiswRrQMATjsANBdFxz13zfPd4wDQhLFevgbCacDc7IbHf1Eo22l4Mjucrvz/zmXwkke5gZaRtSJYwjGoJ5eeYdZ4bbhlWE2jabHmHxpyt+/ZXBL6MEoPfDmBBsFZEPa8YaTSqeBqplxXCuBU+P6OooSDubVhRr7QKrJHZaSEYoJWu5th/ceg05xAAAAA==[0mmain

  Getting remote pull requests...
      ‘infrastructure/Jenkinsfile’ found
    Met criteria

  1 branches were processed (query completed)

  1 branches were processed

Finished examining Clinica-Production-Studios/Service

[8mha:////4NVVFvjSSLDep5PFcoJl1e+I1ouQe/d/vixzL/+qHzkKAAAAhB+LCAAAAAAAAP9b85aBtbiIwSa/KF0vKzUvOzOvODlTryCnNB3I0kvPLMkoTYpPKkrMS86IL84vLUpO1XPPLPEoTXLOzyvOz0n1yy9JZYAARiYGRi8GzpLM3NTiksTcgooiBqmM0pTi/Dy9ZIhiPayaGCoKgHR/i3CGIADU+VKpjgAAAA==[0m1 repositories were processed
[Fri May 17 01:03:35 UTC 2024] Finished organization scan. Scan took 1.3 sec
Finished: SUCCESS
